This is pdfTeX, Version 3.14159265-2.6-1.40.18 (TeX Live 2017/Debian) (preloaded format=pdflatex 2019.1.20)  6 NOV 2019 21:57
entering extended mode
 restricted \write18 enabled.
 %&-line parsing enabled.
**chapter4.tex
(./chapter4.tex
LaTeX2e <2017-04-15>
Babel <3.18> and hyphenation patterns for 84 language(s) loaded.
(/usr/share/texlive/texmf-dist/tex/latex/subfiles/subfiles.cls
Document Class: subfiles 2012/05/23 Federico Garcia
(/usr/share/texlive/texmf-dist/tex/latex/tools/verbatim.sty
Package: verbatim 2014/10/28 v1.5q LaTeX2e package for verbatim enhancements
\every@verbatim=\toks14
\verbatim@line=\toks15
\verbatim@in@stream=\read1
)
Preamble taken from file `../main.tex'
(../main.tex (/usr/share/texlive/texmf-dist/tex/latex/base/report.cls
Document Class: report 2014/09/29 v1.4h Standard LaTeX document class
(/usr/share/texlive/texmf-dist/tex/latex/base/size12.clo
File: size12.clo 2014/09/29 v1.4h Standard LaTeX file (size option)
)
\c@part=\count79
\c@chapter=\count80
\c@section=\count81
\c@subsection=\count82
\c@subsubsection=\count83
\c@paragraph=\count84
\c@subparagraph=\count85
\c@figure=\count86
\c@table=\count87
\abovecaptionskip=\skip41
\belowcaptionskip=\skip42
\bibindent=\dimen102
) (/usr/share/texlive/texmf-dist/tex/latex/graphics/color.sty
Package: color 2016/07/10 v1.1e Standard LaTeX Color (DPC)
(/usr/share/texlive/texmf-dist/tex/latex/graphics-cfg/color.cfg
File: color.cfg 2016/01/02 v1.6 sample color configuration
)
Package color Info: Driver file: pdftex.def on input line 147.
(/usr/share/texlive/texmf-dist/tex/latex/graphics-def/pdftex.def
File: pdftex.def 2018/01/08 v1.0l Graphics/color driver for pdftex
) (/usr/share/texlive/texmf-dist/tex/latex/graphics/dvipsnam.def
File: dvipsnam.def 2016/06/17 v3.0m Driver-dependent file (DPC,SPQR)
)) (/usr/share/texlive/texmf-dist/tex/latex/amsmath/amsmath.sty
Package: amsmath 2017/09/02 v2.17a AMS math features
\@mathmargin=\skip43
For additional information on amsmath, use the `?' option.
(/usr/share/texlive/texmf-dist/tex/latex/amsmath/amstext.sty
Package: amstext 2000/06/29 v2.01 AMS text
(/usr/share/texlive/texmf-dist/tex/latex/amsmath/amsgen.sty
File: amsgen.sty 1999/11/30 v2.0 generic functions
\@emptytoks=\toks16
\ex@=\dimen103
)) (/usr/share/texlive/texmf-dist/tex/latex/amsmath/amsbsy.sty
Package: amsbsy 1999/11/29 v1.2d Bold Symbols
\pmbraise@=\dimen104
) (/usr/share/texlive/texmf-dist/tex/latex/amsmath/amsopn.sty
Package: amsopn 2016/03/08 v2.02 operator names
)
\inf@bad=\count88
LaTeX Info: Redefining \frac on input line 213.
\uproot@=\count89
\leftroot@=\count90
LaTeX Info: Redefining \overline on input line 375.
\classnum@=\count91
\DOTSCASE@=\count92
LaTeX Info: Redefining \ldots on input line 472.
LaTeX Info: Redefining \dots on input line 475.
LaTeX Info: Redefining \cdots on input line 596.
\Mathstrutbox@=\box26
\strutbox@=\box27
\big@size=\dimen105
LaTeX Font Info:    Redeclaring font encoding OML on input line 712.
LaTeX Font Info:    Redeclaring font encoding OMS on input line 713.
\macc@depth=\count93
\c@MaxMatrixCols=\count94
\dotsspace@=\muskip10
\c@parentequation=\count95
\dspbrk@lvl=\count96
\tag@help=\toks17
\row@=\count97
\column@=\count98
\maxfields@=\count99
\andhelp@=\toks18
\eqnshift@=\dimen106
\alignsep@=\dimen107
\tagshift@=\dimen108
\tagwidth@=\dimen109
\totwidth@=\dimen110
\lineht@=\dimen111
\@envbody=\toks19
\multlinegap=\skip44
\multlinetaggap=\skip45
\mathdisplay@stack=\toks20
LaTeX Info: Redefining \[ on input line 2817.
LaTeX Info: Redefining \] on input line 2818.
) (/usr/share/texlive/texmf-dist/tex/latex/algorithms/algorithm.sty
Package: algorithm 2009/08/24 v0.1 Document Style `algorithm' - floating enviro
nment
(/usr/share/texlive/texmf-dist/tex/latex/float/float.sty
Package: float 2001/11/08 v1.3d Float enhancements (AL)
\c@float@type=\count100
\float@exts=\toks21
\float@box=\box28
\@float@everytoks=\toks22
\@floatcapt=\box29
) (/usr/share/texlive/texmf-dist/tex/latex/base/ifthen.sty
Package: ifthen 2014/09/29 v1.1c Standard LaTeX ifthen package (DPC)
)
\@float@every@algorithm=\toks23
\c@algorithm=\count101
) (/usr/share/texlive/texmf-dist/tex/latex/algorithmicx/algpseudocode.sty
Package: algpseudocode 
(/usr/share/texlive/texmf-dist/tex/latex/algorithmicx/algorithmicx.sty
Package: algorithmicx 2005/04/27 v1.2 Algorithmicx
Document Style algorithmicx 1.2 - a greatly improved `algorithmic' style
\c@ALG@line=\count102
\c@ALG@rem=\count103
\c@ALG@nested=\count104
\ALG@tlm=\skip46
\ALG@thistlm=\skip47
\c@ALG@Lnr=\count105
\c@ALG@blocknr=\count106
\c@ALG@storecount=\count107
\c@ALG@tmpcounter=\count108
\ALG@tmplength=\skip48
)
Document Style - pseudocode environments for use with the `algorithmicx' style
) (/usr/share/texlive/texmf-dist/tex/latex/natbib/natbib.sty
Package: natbib 2010/09/13 8.31b (PWD, AO)
\bibhang=\skip49
\bibsep=\skip50
LaTeX Info: Redefining \cite on input line 694.
\c@NAT@ctr=\count109
) (/usr/share/texlive/texmf-dist/tex/latex/geometry/geometry.sty
Package: geometry 2010/09/12 v5.6 Page Geometry
(/usr/share/texlive/texmf-dist/tex/latex/graphics/keyval.sty
Package: keyval 2014/10/28 v1.15 key=value parser (DPC)
\KV@toks@=\toks24
) (/usr/share/texlive/texmf-dist/tex/generic/oberdiek/ifpdf.sty
Package: ifpdf 2017/03/15 v3.2 Provides the ifpdf switch
) (/usr/share/texlive/texmf-dist/tex/generic/oberdiek/ifvtex.sty
Package: ifvtex 2016/05/16 v1.6 Detect VTeX and its facilities (HO)
Package ifvtex Info: VTeX not detected.
) (/usr/share/texlive/texmf-dist/tex/generic/ifxetex/ifxetex.sty
Package: ifxetex 2010/09/12 v0.6 Provides ifxetex conditional
)
\Gm@cnth=\count110
\Gm@cntv=\count111
\c@Gm@tempcnt=\count112
\Gm@bindingoffset=\dimen112
\Gm@wd@mp=\dimen113
\Gm@odd@mp=\dimen114
\Gm@even@mp=\dimen115
\Gm@layoutwidth=\dimen116
\Gm@layoutheight=\dimen117
\Gm@layouthoffset=\dimen118
\Gm@layoutvoffset=\dimen119
\Gm@dimlist=\toks25
) (/usr/share/texlive/texmf-dist/tex/latex/cancel/cancel.sty
Package: cancel 2013/04/12 v2.2 Cancel math terms
) (/usr/share/texlive/texmf-dist/tex/latex/subfiles/subfiles.sty
Package: subfiles 2012/05/23 Federico Garcia
) (/usr/share/texlive/texmf-dist/tex/latex/graphics/graphicx.sty
Package: graphicx 2017/06/01 v1.1a Enhanced LaTeX Graphics (DPC,SPQR)
(/usr/share/texlive/texmf-dist/tex/latex/graphics/graphics.sty
Package: graphics 2017/06/25 v1.2c Standard LaTeX Graphics (DPC,SPQR)
(/usr/share/texlive/texmf-dist/tex/latex/graphics/trig.sty
Package: trig 2016/01/03 v1.10 sin cos tan (DPC)
) (/usr/share/texlive/texmf-dist/tex/latex/graphics-cfg/graphics.cfg
File: graphics.cfg 2016/06/04 v1.11 sample graphics configuration
)
Package graphics Info: Driver file: pdftex.def on input line 99.
)
\Gin@req@height=\dimen120
\Gin@req@width=\dimen121
) (/usr/share/texlive/texmf-dist/tex/latex/caption/caption.sty
Package: caption 2016/02/21 v3.3-144 Customizing captions (AR)
(/usr/share/texlive/texmf-dist/tex/latex/caption/caption3.sty
Package: caption3 2016/05/22 v1.7-166 caption3 kernel (AR)
Package caption3 Info: TeX engine: e-TeX on input line 67.
\captionmargin=\dimen122
\captionmargin@=\dimen123
\captionwidth=\dimen124
\caption@tempdima=\dimen125
\caption@indent=\dimen126
\caption@parindent=\dimen127
\caption@hangindent=\dimen128
)
\c@ContinuedFloat=\count113
Package caption Info: float package is loaded.
) (/usr/share/texlive/texmf-dist/tex/latex/caption/subcaption.sty
Package: subcaption 2016/05/22 v1.1-161 Sub-captions (AR)
\c@subfigure=\count114
\c@subtable=\count115
) (/usr/share/texlive/texmf-dist/tex/latex/fancyhdr/fancyhdr.sty
Package: fancyhdr 2017/06/30 v3.9a Extensive control of page headers and footer
s
\f@nch@headwidth=\skip51
\f@nch@O@elh=\skip52
\f@nch@O@erh=\skip53
\f@nch@O@olh=\skip54
\f@nch@O@orh=\skip55
\f@nch@O@elf=\skip56
\f@nch@O@erf=\skip57
\f@nch@O@olf=\skip58
\f@nch@O@orf=\skip59
) (/usr/share/texlive/texmf-dist/tex/latex/adjustbox/adjustbox.sty
Package: adjustbox 2012/05/21 v1.0 Adjusting TeX boxes (trim, clip, ...)
(/usr/share/texlive/texmf-dist/tex/latex/xkeyval/xkeyval.sty
Package: xkeyval 2014/12/03 v2.7a package option processing (HA)
(/usr/share/texlive/texmf-dist/tex/generic/xkeyval/xkeyval.tex (/usr/share/texl
ive/texmf-dist/tex/generic/xkeyval/xkvutils.tex
\XKV@toks=\toks26
\XKV@tempa@toks=\toks27
)
\XKV@depth=\count116
File: xkeyval.tex 2014/12/03 v2.7a key=value parser (HA)
)) (/usr/share/texlive/texmf-dist/tex/latex/adjustbox/adjcalc.sty
Package: adjcalc 2012/05/16 v1.1 Provides advanced setlength with multiple back
-ends (calc, etex, pgfmath)
) (/usr/share/texlive/texmf-dist/tex/latex/adjustbox/trimclip.sty
Package: trimclip 2012/05/16 v1.0 Trim and clip general TeX material
(/usr/share/texlive/texmf-dist/tex/latex/collectbox/collectbox.sty
Package: collectbox 2012/05/17 v0.4b Collect macro arguments as boxes
\collectedbox=\box30
)
\tc@llx=\dimen129
\tc@lly=\dimen130
\tc@urx=\dimen131
\tc@ury=\dimen132
Package trimclip Info: Using driver 'tc-pdftex.def'.
(/usr/share/texlive/texmf-dist/tex/latex/adjustbox/tc-pdftex.def
File: tc-pdftex.def 2012/05/13 v1.0 Clipping driver for pdftex
))
\adjbox@Width=\dimen133
\adjbox@Height=\dimen134
\adjbox@Depth=\dimen135
\adjbox@Totalheight=\dimen136
(/usr/share/texlive/texmf-dist/tex/latex/ifoddpage/ifoddpage.sty
Package: ifoddpage 2016/04/23 v1.1 Conditionals for odd/even page detection
\c@checkoddpage=\count117
) (/usr/share/texlive/texmf-dist/tex/latex/varwidth/varwidth.sty
Package: varwidth 2009/03/30 ver 0.92;  Variable-width minipages
\@vwid@box=\box31
\sift@deathcycles=\count118
\@vwid@loff=\dimen137
\@vwid@roff=\dimen138
)) (/usr/share/texlive/texmf-dist/tex/latex/numprint/numprint.sty
Package: numprint 2012/08/20 v1.39 Print numbers (HH)
(/usr/share/texlive/texmf-dist/tex/latex/tools/array.sty
Package: array 2016/10/06 v2.4d Tabular extension package (FMi)
\col@sep=\dimen139
\extrarowheight=\dimen140
\NC@list=\toks28
\extratabsurround=\skip60
\backup@length=\skip61
)
\c@nprt@mantissa@digitsbefore=\count119
\c@nprt@mantissa@digitsafter=\count120
\c@nprt@exponent@digitsbefore=\count121
\c@nprt@exponent@digitsafter=\count122
\nprt@digitwidth=\skip62
\nprt@sepwidth=\skip63
\nprt@decimalwidth=\skip64
\nprt@blockwidth=\skip65
\nprt@digittoks=\toks29
\nprt@pretoks=\toks30
\nprt@posttoks=\toks31
\nprt@thisdigit=\count123
\nprt@curpos=\count124
\nprt@rndpos=\count125
\c@nprt@digitsfirstblock=\count126
\c@nprt@blockcnt=\count127
\c@nprt@cntprint=\count128
No configuration file `numprint.cfg' found.) (/usr/share/texlive/texmf-dist/tex
/latex/multirow/multirow.sty
Package: multirow 2016/11/25 v2.2 Span multiple rows of a table
\multirow@colwidth=\skip66
\multirow@cntb=\count129
\multirow@dima=\skip67
\bigstrutjot=\dimen141
) (/usr/share/texlive/texmf-dist/tex/latex/graphics/rotating.sty
Package: rotating 2016/08/11 v2.16d rotated objects in LaTeX
\c@r@tfl@t=\count130
\rotFPtop=\skip68
\rotFPbot=\skip69
\rot@float@box=\box32
\rot@mess@toks=\toks32
) (/usr/share/texlive/texmf-dist/tex/latex/hyperref/hyperref.sty
Package: hyperref 2018/02/06 v6.86b Hypertext links for LaTeX
(/usr/share/texlive/texmf-dist/tex/generic/oberdiek/hobsub-hyperref.sty
Package: hobsub-hyperref 2016/05/16 v1.14 Bundle oberdiek, subset hyperref (HO)

(/usr/share/texlive/texmf-dist/tex/generic/oberdiek/hobsub-generic.sty
Package: hobsub-generic 2016/05/16 v1.14 Bundle oberdiek, subset generic (HO)
Package: hobsub 2016/05/16 v1.14 Construct package bundles (HO)
Package: infwarerr 2016/05/16 v1.4 Providing info/warning/error messages (HO)
Package: ltxcmds 2016/05/16 v1.23 LaTeX kernel commands for general use (HO)
Package: ifluatex 2016/05/16 v1.4 Provides the ifluatex switch (HO)
Package ifluatex Info: LuaTeX not detected.
Package hobsub Info: Skipping package `ifvtex' (already loaded).
Package: intcalc 2016/05/16 v1.2 Expandable calculations with integers (HO)
Package hobsub Info: Skipping package `ifpdf' (already loaded).
Package: etexcmds 2016/05/16 v1.6 Avoid name clashes with e-TeX commands (HO)
Package etexcmds Info: Could not find \expanded.
(etexcmds)             That can mean that you are not using pdfTeX 1.50 or
(etexcmds)             that some package has redefined \expanded.
(etexcmds)             In the latter case, load this package earlier.
Package: kvsetkeys 2016/05/16 v1.17 Key value parser (HO)
Package: kvdefinekeys 2016/05/16 v1.4 Define keys (HO)
Package: pdftexcmds 2018/01/21 v0.26 Utility functions of pdfTeX for LuaTeX (HO
)
Package pdftexcmds Info: LuaTeX not detected.
Package pdftexcmds Info: \pdf@primitive is available.
Package pdftexcmds Info: \pdf@ifprimitive is available.
Package pdftexcmds Info: \pdfdraftmode found.
Package: pdfescape 2016/05/16 v1.14 Implements pdfTeX's escape features (HO)
Package: bigintcalc 2016/05/16 v1.4 Expandable calculations on big integers (HO
)
Package: bitset 2016/05/16 v1.2 Handle bit-vector datatype (HO)
Package: uniquecounter 2016/05/16 v1.3 Provide unlimited unique counter (HO)
)
Package hobsub Info: Skipping package `hobsub' (already loaded).
Package: letltxmacro 2016/05/16 v1.5 Let assignment for LaTeX macros (HO)
Package: hopatch 2016/05/16 v1.3 Wrapper for package hooks (HO)
Package: xcolor-patch 2016/05/16 xcolor patch
Package: atveryend 2016/05/16 v1.9 Hooks at the very end of document (HO)
Package: atbegshi 2016/06/09 v1.18 At begin shipout hook (HO)
Package: refcount 2016/05/16 v3.5 Data extraction from label references (HO)
Package: hycolor 2016/05/16 v1.8 Color options for hyperref/bookmark (HO)
) (/usr/share/texlive/texmf-dist/tex/latex/oberdiek/auxhook.sty
Package: auxhook 2016/05/16 v1.4 Hooks for auxiliary files (HO)

Package auxhook Warning: Cannot patch \document,
(auxhook)                using \AtBeginDocument instead.

) (/usr/share/texlive/texmf-dist/tex/latex/oberdiek/kvoptions.sty
Package: kvoptions 2016/05/16 v3.12 Key value format for package options (HO)
)
\@linkdim=\dimen142
\Hy@linkcounter=\count131
\Hy@pagecounter=\count132
(/usr/share/texlive/texmf-dist/tex/latex/hyperref/pd1enc.def
File: pd1enc.def 2018/02/06 v6.86b Hyperref: PDFDocEncoding definition (HO)
)
\Hy@SavedSpaceFactor=\count133
(/usr/share/texlive/texmf-dist/tex/latex/latexconfig/hyperref.cfg
File: hyperref.cfg 2002/06/06 v1.2 hyperref configuration of TeXLive
)
Package hyperref Info: Hyper figures OFF on input line 4509.
Package hyperref Info: Link nesting OFF on input line 4514.
Package hyperref Info: Hyper index ON on input line 4517.
Package hyperref Info: Plain pages OFF on input line 4524.
Package hyperref Info: Backreferencing OFF on input line 4529.
Package hyperref Info: Implicit mode ON; LaTeX internals redefined.
Package hyperref Info: Bookmarks ON on input line 4762.
\c@Hy@tempcnt=\count134
(/usr/share/texlive/texmf-dist/tex/latex/url/url.sty
\Urlmuskip=\muskip11
Package: url 2013/09/16  ver 3.4  Verb mode for urls, etc.
)
LaTeX Info: Redefining \url on input line 5115.
\XeTeXLinkMargin=\dimen143
\Fld@menulength=\count135
\Field@Width=\dimen144
\Fld@charsize=\dimen145
Package hyperref Info: Hyper figures OFF on input line 6369.
Package hyperref Info: Link nesting OFF on input line 6374.
Package hyperref Info: Hyper index ON on input line 6377.
Package hyperref Info: backreferencing OFF on input line 6384.
Package hyperref Info: Link coloring OFF on input line 6389.
Package hyperref Info: Link coloring with OCG OFF on input line 6394.
Package hyperref Info: PDF/A mode OFF on input line 6399.
LaTeX Info: Redefining \ref on input line 6439.
LaTeX Info: Redefining \pageref on input line 6443.
\Hy@abspage=\count136
\c@Item=\count137
\c@Hfootnote=\count138
)
Package hyperref Info: Driver (autodetected): hpdftex.
(/usr/share/texlive/texmf-dist/tex/latex/hyperref/hpdftex.def
File: hpdftex.def 2018/02/06 v6.86b Hyperref driver for pdfTeX
\Fld@listcount=\count139
\c@bookmark@seq@number=\count140
(/usr/share/texlive/texmf-dist/tex/latex/oberdiek/rerunfilecheck.sty
Package: rerunfilecheck 2016/05/16 v1.8 Rerun checks for auxiliary files (HO)
Package uniquecounter Info: New unique counter `rerunfilecheck' on input line 2
82.
)
\Hy@SectionHShift=\skip70
) (/usr/share/texlive/texmf-dist/tex/latex/cleveref/cleveref.sty
Package: cleveref 2018/02/08 v0.21.1 Intelligent cross-referencing
Package cleveref Info: `hyperref' support loaded on input line 2301.
LaTeX Info: Redefining \cref on input line 2301.
LaTeX Info: Redefining \Cref on input line 2301.
LaTeX Info: Redefining \crefrange on input line 2301.
LaTeX Info: Redefining \Crefrange on input line 2301.
LaTeX Info: Redefining \cpageref on input line 2301.
LaTeX Info: Redefining \Cpageref on input line 2301.
LaTeX Info: Redefining \cpagerefrange on input line 2301.
LaTeX Info: Redefining \Cpagerefrange on input line 2301.
LaTeX Info: Redefining \labelcref on input line 2301.
LaTeX Info: Redefining \labelcpageref on input line 2301.
Package cleveref Info: `algorithmicx' support loaded on input line 3051.
))) (./chapter4.aux)
\openout1 = `chapter4.aux'.

LaTeX Font Info:    Checking defaults for OML/cmm/m/it on input line 5.
LaTeX Font Info:    ... okay on input line 5.
LaTeX Font Info:    Checking defaults for T1/cmr/m/n on input line 5.
LaTeX Font Info:    ... okay on input line 5.
LaTeX Font Info:    Checking defaults for OT1/cmr/m/n on input line 5.
LaTeX Font Info:    ... okay on input line 5.
LaTeX Font Info:    Checking defaults for OMS/cmsy/m/n on input line 5.
LaTeX Font Info:    ... okay on input line 5.
LaTeX Font Info:    Checking defaults for OMX/cmex/m/n on input line 5.
LaTeX Font Info:    ... okay on input line 5.
LaTeX Font Info:    Checking defaults for U/cmr/m/n on input line 5.
LaTeX Font Info:    ... okay on input line 5.
LaTeX Font Info:    Checking defaults for PD1/pdf/m/n on input line 5.
LaTeX Font Info:    ... okay on input line 5.
(/usr/share/texlive/texmf-dist/tex/context/base/mkii/supp-pdf.mkii
[Loading MPS to PDF converter (version 2006.09.02).]
\scratchcounter=\count141
\scratchdimen=\dimen146
\scratchbox=\box33
\nofMPsegments=\count142
\nofMParguments=\count143
\everyMPshowfont=\toks33
\MPscratchCnt=\count144
\MPscratchDim=\dimen147
\MPnumerator=\count145
\makeMPintoPDFobject=\count146
\everyMPtoPDFconversion=\toks34
) (/usr/share/texlive/texmf-dist/tex/latex/oberdiek/epstopdf-base.sty
Package: epstopdf-base 2016/05/15 v2.6 Base part for package epstopdf
(/usr/share/texlive/texmf-dist/tex/latex/oberdiek/grfext.sty
Package: grfext 2016/05/16 v1.2 Manage graphics extensions (HO)
)
Package epstopdf-base Info: Redefining graphics rule for `.eps' on input line 4
38.
Package grfext Info: Graphics extension search list:
(grfext)             [.pdf,.png,.jpg,.mps,.jpeg,.jbig2,.jb2,.PDF,.PNG,.JPG,.JPE
G,.JBIG2,.JB2,.eps]
(grfext)             \AppendGraphicsExtensions on input line 456.
(/usr/share/texlive/texmf-dist/tex/latex/latexconfig/epstopdf-sys.cfg
File: epstopdf-sys.cfg 2010/07/13 v1.3 Configuration of (r)epstopdf for TeX Liv
e
))
*geometry* driver: auto-detecting
*geometry* detected driver: pdftex
*geometry* verbose mode - [ preamble ] result:
* driver: pdftex
* paper: a4paper
* layout: <same size as paper>
* layoutoffset:(h,v)=(0.0pt,0.0pt)
* bindingoffset: 17.07164pt
* modes: twoside 
* h-part:(L,W,R)=(61.45795pt, 426.79134pt, 92.18695pt)
* v-part:(T,H,B)=(71.13188pt, 702.78308pt, 71.13188pt)
* \paperwidth=597.50787pt
* \paperheight=845.04684pt
* \textwidth=426.79134pt
* \textheight=702.78308pt
* \oddsidemargin=6.2596pt
* \evensidemargin=19.91696pt
* \topmargin=-38.1381pt
* \headheight=12.0pt
* \headsep=25.0pt
* \topskip=12.0pt
* \footskip=30.0pt
* \marginparwidth=95.0pt
* \marginparsep=10.0pt
* \columnsep=10.0pt
* \skip\footins=10.8pt plus 4.0pt minus 2.0pt
* \hoffset=0.0pt
* \voffset=0.0pt
* \mag=1000
* \@twocolumnfalse
* \@twosidetrue
* \@mparswitchtrue
* \@reversemarginfalse
* (1in=72.27pt=25.4mm, 1cm=28.453pt)

Package caption Info: Begin \AtBeginDocument code.
Package caption Info: hyperref package is loaded.
Package caption Info: rotating package is loaded.
Package caption Info: End \AtBeginDocument code.
\AtBeginShipoutBox=\box34
Package hyperref Info: Link coloring OFF on input line 5.
(/usr/share/texlive/texmf-dist/tex/latex/hyperref/nameref.sty
Package: nameref 2016/05/21 v2.44 Cross-referencing by name of section
(/usr/share/texlive/texmf-dist/tex/generic/oberdiek/gettitlestring.sty
Package: gettitlestring 2016/05/16 v1.5 Cleanup title references (HO)
)
\c@section@level=\count147
)
LaTeX Info: Redefining \ref on input line 5.
LaTeX Info: Redefining \pageref on input line 5.
LaTeX Info: Redefining \nameref on input line 5.
\@outlinefile=\write3
\openout3 = `chapter4.out'.

Chapter 1.

LaTeX Warning: Reference `sec:alns' on page 1 undefined on input line 9.


LaTeX Warning: Reference `sec:init' on page 1 undefined on input line 10.


LaTeX Warning: Reference `sec:heur' on page 1 undefined on input line 11.


LaTeX Warning: Reference `sec:choos' on page 1 undefined on input line 12.


LaTeX Warning: Reference `sec:weight' on page 1 undefined on input line 13.


LaTeX Warning: Reference `sec:wild' on page 1 undefined on input line 15.


Package natbib Warning: Citation `ropke06' on page 1 undefined on input line 19
.


LaTeX Warning: Reference `alg:alns' on page 1 undefined on input line 26.

Package hyperref Info: bookmark level for unknown algorithm defaults to 0 on in
put line 29.

LaTeX Warning: Reference `alg:wild' on page 1 undefined on input line 58.


Package natbib Warning: Citation `hosny12' on page 1 undefined on input line 63
.

[1


{/var/lib/texmf/fonts/map/pdftex/updmap/pdftex.map}]

LaTeX Warning: Reference `sec:swap' on page 2 undefined on input line 70.


LaTeX Warning: Reference `sec:exch' on page 2 undefined on input line 70.


LaTeX Warning: Reference `sec:2opt' on page 2 undefined on input line 70.


Package natbib Warning: Citation `hemmati14' on page 2 undefined on input line 
72.


Package natbib Warning: Citation `hemmati16' on page 2 undefined on input line 
72.


LaTeX Warning: Reference `sec:rand' on page 2 undefined on input line 73.


LaTeX Warning: Reference `sec:clust' on page 2 undefined on input line 73.


LaTeX Warning: Reference `sec:greedy' on page 2 undefined on input line 73.


LaTeX Warning: Reference `sec:shaw' on page 2 undefined on input line 73.


LaTeX Warning: Reference `fig:swap' on page 1 undefined on input line 79.

<../img/swap_ill.png, id=17, 1023.825pt x 401.5pt>
File: ../img/swap_ill.png Graphic file (type png)
<use ../img/swap_ill.png>
Package pdftex.def Info: ../img/swap_ill.png  used on input line 83.
(pdftex.def)             Requested size: 426.79134pt x 167.3668pt.

LaTeX Warning: Reference `fig:exch' on page 1 undefined on input line 92.


Underfull \hbox (badness 10000) in paragraph at lines 92--93

 []


Package Fancyhdr Warning: \headheight is too small (12.0pt): 
 Make it at least 14.49998pt.
 We now make it that large for the rest of the document.
 This may cause the page layout to be inconsistent, however.

[2]
<../img/3-exchange_ill.png, id=46, 1040.88875pt x 463.7325pt>
File: ../img/3-exchange_ill.png Graphic file (type png)
<use ../img/3-exchange_ill.png>
Package pdftex.def Info: ../img/3-exchange_ill.png  used on input line 96.
(pdftex.def)             Requested size: 426.79134pt x 190.13863pt.

Package natbib Warning: Citation `lin65' on page 3 undefined on input line 105.



Package natbib Warning: Citation `bullnheimer99' on page 3 undefined on input l
ine 105.


Package natbib Warning: Citation `carrabs07' on page 3 undefined on input line 
106.


LaTeX Warning: Reference `fig:2opt' on page 1 undefined on input line 107.

[3 <../img/swap_ill.png> <../img/3-exchange_ill.png>]
<../img/2-opt_ill.png, id=56, 1031.855pt x 395.4775pt>
File: ../img/2-opt_ill.png Graphic file (type png)
<use ../img/2-opt_ill.png>
Package pdftex.def Info: ../img/2-opt_ill.png  used on input line 111.
(pdftex.def)             Requested size: 426.79134pt x 163.577pt.
pdfTeX warning (ext4): destination with the same identifier (name{ALG@line.1}) 
has been already used, duplicate ignored
<to be read again> 
                   \relax 
l.119         \Function
                       {twoOpt}{}pdfTeX warning (ext4): destination with the sa
me identifier (name{ALG@line.2}) has been already used, duplicate ignored
<to be read again> 
                   \relax 
l.120         \State
                     select random vehicle $v$pdfTeX warning (ext4): destinatio
n with the same identifier (name{ALG@line.3}) has been already used, duplicate 
ignored
<to be read again> 
                   \relax 
l.121         \State
                     schedule $S = S_v$pdfTeX warning (ext4): destination with 
the same identifier (name{ALG@line.4}) has been already used, duplicate ignored

<to be read again> 
                   \relax 
l.122         \Repeat
                     pdfTeX warning (ext4): destination with the same identifie
r (name{ALG@line.5}) has been already used, duplicate ignored
<to be read again> 
                   \relax 
l.123         \State
                     $S_{best} = S$pdfTeX warning (ext4): destination with the 
same identifier (name{ALG@line.6}) has been already used, duplicate ignored
<to be read again> 
                   \relax 
l.124         \For
                  {$i<S.length$}pdfTeX warning (ext4): destination with the sam
e identifier (name{ALG@line.7}) has been already used, duplicate ignored
<to be read again> 
                   \relax 
l.125             \State
                         $j=i+1$pdfTeX warning (ext4): destination with the sam
e identifier (name{ALG@line.8}) has been already used, duplicate ignored
<to be read again> 
                   \relax 
l.126             \For
                      {$j<S.length$}pdfTeX warning (ext4): destination with the
 same identifier (name{ALG@line.9}) has been already used, duplicate ignored
<to be read again> 
                   \relax 
l.127                 \State
                             schedule $ S' = S_{0i} + reverse(S_{(i+1)j}) + ...
pdfTeX warning (ext4): destination with the same identifier (name{ALG@line.10})
 has been already used, duplicate ignored
<to be read again> 
                   \relax 
l.128                 \If
                          {$f(S')<f(S_{best})$}pdfTeX warning (ext4): destinati
on with the same identifier (name{ALG@line.11}) has been already used, duplicat
e ignored
<to be read again> 
                   \relax 
l.129                 \State
                             $S = S'$pdfTeX warning (ext4): destination with th
e same identifier (name{ALG@line.12}) has been already used, duplicate ignored
<to be read again> 
                   \relax 
l.133         \Until
                     {no further improvement found}pdfTeX warning (ext4): desti
nation with the same identifier (name{ALG@line.13}) has been already used, dupl
icate ignored
<to be read again> 
                   \relax 
l.134         \State
                    

LaTeX Warning: Reference `alg:2opt' on page 1 undefined on input line 141.

[4 <../img/2-opt_ill.png>]pdfTeX warning (ext4): destination with the same iden
tifier (name{ALG@line.1}) has been already used, duplicate ignored
<to be read again> 
                   \relax 
l.159         \Function
                       {randomFit}{$s\in \{solution}$}
! Extra }, or forgotten \endgroup.
l.159 ... \Function{randomFit}{$s\in \{solution}$}
                                                  
I've deleted a group-closing symbol because it seems to be
spurious, as in `$x}$'. But perhaps the } is legitimate and
you forgot something else, as in `\hbox{$x}'. In such cases
the way to recover is to insert both the forgotten and the
deleted material, e.g., by typing `I$}'.

pdfTeX warning (ext4): destination with the same identifier (name{ALG@line.2}) 
has been already used, duplicate ignored
<to be read again> 
                   \relax 
l.160         \State
                     select the number of orders to reinsert $q$pdfTeX warning 
(ext4): destination with the same identifier (name{ALG@line.3}) has been alread
y used, duplicate ignored
<to be read again> 
                   \relax 
l.161         \State
                     solution $s' = s$pdfTeX warning (ext4): destination with t
he same identifier (name{ALG@line.4}) has been already used, duplicate ignored
<to be read again> 
                   \relax 
l.162         \State
                     remove $q$ orders from $s'$pdfTeX warning (ext4): destinat
ion with the same identifier (name{ALG@line.5}) has been already used, duplicat
e ignored
<to be read again> 
                   \relax 
l.163         \State
                     set I = removed orderspdfTeX warning (ext4): destination w
ith the same identifier (name{ALG@line.6}) has been already used, duplicate ign
ored
<to be read again> 
                   \relax 
l.164         \For
                  {$z\in I$}pdfTeX warning (ext4): destination with the same id
entifier (name{ALG@line.7}) has been already used, duplicate ignored
<to be read again> 
                   \relax 
l.165             \Repeat
                         pdfTeX warning (ext4): destination with the same ident
ifier (name{ALG@line.8}) has been already used, duplicate ignored
<to be read again> 
                   \relax 
l.166             \State
                         choose random vehicle $v$pdfTeX warning (ext4): destin
ation with the same identifier (name{ALG@line.9}) has been already used, duplic
ate ignored
<to be read again> 
                   \relax 
l.167             \State
                         choose random position in schedule $S_v$pdfTeX warning
 (ext4): destination with the same identifier (name{ALG@line.10}) has been alre
ady used, duplicate ignored
<to be read again> 
                   \relax 
l.168             \State
                         insert $z$ in $S_v$pdfTeX warning (ext4): destination 
with the same identifier (name{ALG@line.11}) has been already used, duplicate i
gnored
<to be read again> 
                   \relax 
l.169             \Until
                         {feasible schedule found}pdfTeX warning (ext4): destin
ation with the same identifier (name{ALG@line.12}) has been already used, dupli
cate ignored
<to be read again> 
                   \relax 
l.170             \State
                         update s'pdfTeX warning (ext4): destination with the s
ame identifier (name{ALG@line.13}) has been already used, duplicate ignored
<to be read again> 
                   \relax 
l.172         \State
                    

LaTeX Warning: Reference `alg:rand' on page 1 undefined on input line 178.


LaTeX Warning: Reference `sec:4flow' on page 1 undefined on input line 188.


Package natbib Warning: Citation `kaufman90' on page 5 undefined on input line 
200.

<../img/cohesion.png, id=67, 431.6125pt x 349.305pt>
File: ../img/cohesion.png Graphic file (type png)
<use ../img/cohesion.png>
Package pdftex.def Info: ../img/cohesion.png  used on input line 207.
(pdftex.def)             Requested size: 149.37956pt x 120.88878pt.
<../img/separation.png, id=68, 774.895pt x 336.25626pt>
File: ../img/separation.png Graphic file (type png)
<use ../img/separation.png>
Package pdftex.def Info: ../img/separation.png  used on input line 214.
(pdftex.def)             Requested size: 256.0774pt x 111.12396pt.
[5]

LaTeX Warning: Reference `fig:silu' on page 1 undefined on input line 223.


! Package amsmath Error: Multiple \label's: label '{eq:siluette}' will be lost.


See the amsmath package documentation for explanation.
Type  H <return>  for immediate help.
 ...                                              
                                                  
l.242 \end{alignat}
                   
Your command was ignored.
Type  I <command> <return>  to replace it with another command,
or  <return>  to continue without it.

<../img/single_linkage.png, id=77, 1289.81876pt x 452.69125pt>
File: ../img/single_linkage.png Graphic file (type png)
<use ../img/single_linkage.png>
Package pdftex.def Info: ../img/single_linkage.png  used on input line 251.
(pdftex.def)             Requested size: 426.79134pt x 149.7892pt.

LaTeX Warning: Reference `fig:hierarch' on page 1 undefined on input line 256.

[6 <../img/cohesion.png> <../img/separation.png>]pdfTeX warning (ext4): destina
tion with the same identifier (name{ALG@line.1}) has been already used, duplica
te ignored
<to be read again> 
                   \relax 
l.265         \Function
                       {cluster}{$s\in \{solution}$, $p$}
! Extra }, or forgotten \endgroup.
l.265 ...unction{cluster}{$s\in \{solution}$, $p$}
                                                  
I've deleted a group-closing symbol because it seems to be
spurious, as in `$x}$'. But perhaps the } is legitimate and
you forgot something else, as in `\hbox{$x}'. In such cases
the way to recover is to insert both the forgotten and the
deleted material, e.g., by typing `I$}'.

pdfTeX warning (ext4): destination with the same identifier (name{ALG@line.2}) 
has been already used, duplicate ignored
<to be read again> 
                   \relax 
l.266         \State
                     select the number of orders to reinsert $q$pdfTeX warning 
(ext4): destination with the same identifier (name{ALG@line.3}) has been alread
y used, duplicate ignored
<to be read again> 
                   \relax 
l.267         \State
                     add orders to array A acending based on cluster value $...
pdfTeX warning (ext4): destination with the same identifier (name{ALG@line.4}) 
has been already used, duplicate ignored
<to be read again> 
                   \relax 
l.268         \State
                     empty order set $I$pdfTeX warning (ext4): destination with
 the same identifier (name{ALG@line.5}) has been already used, duplicate ignore
d
<to be read again> 
                   \relax 
l.269         \Repeat
                     pdfTeX warning (ext4): destination with the same identifie
r (name{ALG@line.6}) has been already used, duplicate ignored
<to be read again> 
                   \relax 
l.270             \State
                         choose a random number $y$ between $[0,1]$pdfTeX warni
ng (ext4): destination with the same identifier (name{ALG@line.7}) has been alr
eady used, duplicate ignored
<to be read again> 
                   \relax 
l.271             \State
                         remove the order in position $y^p$ in $A$ from $s$pdfT
eX warning (ext4): destination with the same identifier (name{ALG@line.8}) has 
been already used, duplicate ignored
<to be read again> 
                   \relax 
l.272             \State
                         add removed order to $I$pdfTeX warning (ext4): destina
tion with the same identifier (name{ALG@line.9}) has been already used, duplica
te ignored
<to be read again> 
                   \relax 
l.273         \Until
                     {$|I| = q$}pdfTeX warning (ext4): destination with the sam
e identifier (name{ALG@line.10}) has been already used, duplicate ignored
<to be read again> 
                   \relax 
l.274         \For
                  {$i\in I$}pdfTeX warning (ext4): destination with the same id
entifier (name{ALG@line.11}) has been already used, duplicate ignored
<to be read again> 
                   \relax 
l.275             \State
                         find vehicle schedule $S_v$ which maximizes $c_i$pdfTe
X warning (ext4): destination with the same identifier (name{ALG@line.12}) has 
been already used, duplicate ignored
<to be read again> 
                   \relax 
l.276             \State
                         insert $i$ in best possible position in $S_v$pdfTeX wa
rning (ext4): destination with the same identifier (name{ALG@line.13}) has been
 already used, duplicate ignored
<to be read again> 
                   \relax 
l.277             \State
                         update $s$ based on $S_v$pdfTeX warning (ext4): destin
ation with the same identifier (name{ALG@line.14}) has been already used, dupli
cate ignored
<to be read again> 
                   \relax 
l.279         \State
                    

LaTeX Warning: Reference `alg:cluster' on page 1 undefined on input line 285.

[7 <../img/single_linkage.png>]
LaTeX Font Info:    Try loading font information for OMS+cmr on input line 297.

(/usr/share/texlive/texmf-dist/tex/latex/base/omscmr.fd
File: omscmr.fd 2014/09/29 v2.5h Standard LaTeX font definitions
)
LaTeX Font Info:    Font shape `OMS/cmr/m/n' in size <12> not available
(Font)              Font shape `OMS/cmsy/m/n' tried instead on input line 297.

LaTeX Warning: Reference `alg:cluster' on page 1 undefined on input line 309.


Underfull \hbox (badness 10000) in paragraph at lines 309--311

 []

pdfTeX warning (ext4): destination with the same identifier (name{ALG@line.1}) 
has been already used, duplicate ignored
<to be read again> 
                   \relax 
l.323         \Function
                       {greedy}{$s\in \{solution}$, $p$}
! Extra }, or forgotten \endgroup.
l.323 ...Function{greedy}{$s\in \{solution}$, $p$}
                                                  
I've deleted a group-closing symbol because it seems to be
spurious, as in `$x}$'. But perhaps the } is legitimate and
you forgot something else, as in `\hbox{$x}'. In such cases
the way to recover is to insert both the forgotten and the
deleted material, e.g., by typing `I$}'.

pdfTeX warning (ext4): destination with the same identifier (name{ALG@line.2}) 
has been already used, duplicate ignored
<to be read again> 
                   \relax 
l.324         \State
                     select the number of orders to reinsert $q$pdfTeX warning 
(ext4): destination with the same identifier (name{ALG@line.3}) has been alread
y used, duplicate ignored
<to be read again> 
                   \relax 
l.325         \State
                     add orders in array $A$ based on decending cost $f(S_v)...
pdfTeX warning (ext4): destination with the same identifier (name{ALG@line.4}) 
has been already used, duplicate ignored
<to be read again> 
                   \relax 
l.326         \State
                     empty order set $I$pdfTeX warning (ext4): destination with
 the same identifier (name{ALG@line.5}) has been already used, duplicate ignore
d
<to be read again> 
                   \relax 
l.327         \Repeat
                     pdfTeX warning (ext4): destination with the same identifie
r (name{ALG@line.6}) has been already used, duplicate ignored
<to be read again> 
                   \relax 
l.328             \State
                         choose a random number $y$ between $[0,1]$pdfTeX warni
ng (ext4): destination with the same identifier (name{ALG@line.7}) has been alr
eady used, duplicate ignored
<to be read again> 
                   \relax 
l.329             \State
                         remove the order in position $y^p$ in $A$ from $s$pdfT
eX warning (ext4): destination with the same identifier (name{ALG@line.8}) has 
been already used, duplicate ignored
<to be read again> 
                   \relax 
l.330             \State
                         add removed order to $I$pdfTeX warning (ext4): destina
tion with the same identifier (name{ALG@line.9}) has been already used, duplica
te ignored
<to be read again> 
                   \relax 
l.331         \Until
                     {$|I| = q$}pdfTeX warning (ext4): destination with the sam
e identifier (name{ALG@line.10}) has been already used, duplicate ignored
<to be read again> 
                   \relax 
l.332         \Repeat
                     pdfTeX warning (ext4): destination with the same identifie
r (name{ALG@line.11}) has been already used, duplicate ignored
<to be read again> 
                   \relax 
l.333             \State
                         sort $I$ based on each orders minimum increase in o...
pdfTeX warning (ext4): destination with the same identifier (name{ALG@line.12})
 has been already used, duplicate ignored
<to be read again> 
                   \relax 
l.334             \State
                         insert the first order $i$ from $I$ in its best pos...
pdfTeX warning (ext4): destination with the same identifier (name{ALG@line.13})
 has been already used, duplicate ignored
<to be read again> 
                   \relax 
l.335             \State
                         remove order $i$ from $I$pdfTeX warning (ext4): destin
ation with the same identifier (name{ALG@line.14}) has been already used, dupli
cate ignored
<to be read again> 
                   \relax 
l.336         \Until
                    {$|I| = 0$}pdfTeX warning (ext4): destination with the same
 identifier (name{ALG@line.15}) has been already used, duplicate ignored
<to be read again> 
                   \relax 
l.337         \State
                    

Package natbib Warning: Citation `shaw97' on page 8 undefined on input line 354
.

[8]
Overfull \hbox (7.5115pt too wide) detected at line 368
[]\OML/cmm/m/it/12 r[] \OT1/cmr/m/n/12 = \OML/cmm/m/it/12  \OT1/cmr/m/n/12 (\OM
L/cmm/m/it/12 D[] \OT1/cmr/m/n/12 + \OML/cmm/m/it/12 D[]\OT1/cmr/m/n/12 ) + \OM
L/cmm/m/it/12 !\OMS/cmsy/m/n/12 j\OML/cmm/m/it/12 Q[] \OMS/cmsy/m/n/12 ^^@ \OML
/cmm/m/it/12 Q[]\OMS/cmsy/m/n/12 j \OT1/cmr/m/n/12 + \OML/cmm/m/it/12 ^^^\OT1/c
mr/m/n/12 (1 \OMS/cmsy/m/n/12 ^^@ []\OT1/cmr/m/n/12 ) + \OML/cmm/m/it/12 ^^\G[]
 \OT1/cmr/m/n/12 + \OML/cmm/m/it/12 ^^_\OT1/cmr/m/n/12 (\OML/cmm/m/it/12 U[] \O
T1/cmr/m/n/12 + \OML/cmm/m/it/12 U[]\OT1/cmr/m/n/12 )
 []


LaTeX Warning: Reference `ch:mm' on page 1 undefined on input line 372.

[9]pdfTeX warning (ext4): destination with the same identifier (name{ALG@line.1
}) has been already used, duplicate ignored
<to be read again> 
                   \relax 
l.401         \Function
                       {similarRegret}{$s\in \{solution}$, $p$}
! Extra }, or forgotten \endgroup.
l.401 ...n{similarRegret}{$s\in \{solution}$, $p$}
                                                  
I've deleted a group-closing symbol because it seems to be
spurious, as in `$x}$'. But perhaps the } is legitimate and
you forgot something else, as in `\hbox{$x}'. In such cases
the way to recover is to insert both the forgotten and the
deleted material, e.g., by typing `I$}'.

pdfTeX warning (ext4): destination with the same identifier (name{ALG@line.2}) 
has been already used, duplicate ignored
<to be read again> 
                   \relax 
l.402         \State
                     select the number of orders to reinsert $q$pdfTeX warning 
(ext4): destination with the same identifier (name{ALG@line.3}) has been alread
y used, duplicate ignored
<to be read again> 
                   \relax 
l.403         \State
                     select a random order $i$ from $s$pdfTeX warning (ext4): d
estination with the same identifier (name{ALG@line.4}) has been already used, d
uplicate ignored
<to be read again> 
                   \relax 
l.404         \State
                     add $i$ to order set $I$pdfTeX warning (ext4): destination
 with the same identifier (name{ALG@line.5}) has been already used, duplicate i
gnored
<to be read again> 
                   \relax 
l.405         \Repeat
                     pdfTeX warning (ext4): destination with the same identifie
r (name{ALG@line.6}) has been already used, duplicate ignored
<to be read again> 
                   \relax 
l.406             \State
                         add all orders $j\not\in I$ in array $A$ acending b...
pdfTeX warning (ext4): destination with the same identifier (name{ALG@line.7}) 
has been already used, duplicate ignored
<to be read again> 
                   \relax 
l.407             \State
                         choose a random number $y$ between $[0,1]$pdfTeX warni
ng (ext4): destination with the same identifier (name{ALG@line.8}) has been alr
eady used, duplicate ignored
<to be read again> 
                   \relax 
l.408             \State
                         remove the order in position $y^p$ in $A$ from $s$pdfT
eX warning (ext4): destination with the same identifier (name{ALG@line.9}) has 
been already used, duplicate ignored
<to be read again> 
                   \relax 
l.409             \State
                         add removed order to $I$pdfTeX warning (ext4): destina
tion with the same identifier (name{ALG@line.10}) has been already used, duplic
ate ignored
<to be read again> 
                   \relax 
l.410         \Until
                     {$|I| = q$}pdfTeX warning (ext4): destination with the sam
e identifier (name{ALG@line.11}) has been already used, duplicate ignored
<to be read again> 
                   \relax 
l.411         \Repeat
                     pdfTeX warning (ext4): destination with the same identifie
r (name{ALG@line.12}) has been already used, duplicate ignored
<to be read again> 
                   \relax 
l.412             \State
                         sort $I$ acending based on regret value $c^*_i$pdfTeX 
warning (ext4): destination with the same identifier (name{ALG@line.13}) has be
en already used, duplicate ignored
<to be read again> 
                   \relax 
l.413             \State
                         insert the first order $z$ from $I$ in its best pos...
pdfTeX warning (ext4): destination with the same identifier (name{ALG@line.14})
 has been already used, duplicate ignored
<to be read again> 
                   \relax 
l.414             \State
                         update $s$ based on $S_v$pdfTeX warning (ext4): destin
ation with the same identifier (name{ALG@line.15}) has been already used, dupli
cate ignored
<to be read again> 
                   \relax 
l.415             \State
                         remove order $z$ from $I$pdfTeX warning (ext4): destin
ation with the same identifier (name{ALG@line.16}) has been already used, dupli
cate ignored
<to be read again> 
                   \relax 
l.416         \Until
                    {$|I| = 0$}pdfTeX warning (ext4): destination with the same
 identifier (name{ALG@line.17}) has been already used, duplicate ignored
<to be read again> 
                   \relax 
l.417         \State
                    

LaTeX Warning: Reference `alg:simReg' on page 1 undefined on input line 424.


LaTeX Warning: Reference `sec:greedy' on page 1 undefined on input line 428.

[10]

LaTeX Warning: Reference `sec:swap' on page 1 undefined on input line 443.


LaTeX Warning: Reference `sec:exch' on page 1 undefined on input line 443.


LaTeX Warning: Reference `ch:res' on page 1 undefined on input line 445.


LaTeX Warning: Reference `alg:alns' on page 1 undefined on input line 446.


Package natbib Warning: Citation `hemmati14' on page 11 undefined on input line
 446.


Package natbib Warning: Citation `ropke06' on page 11 undefined on input line 4
53.


LaTeX Warning: Reference `sec:weight' on page 1 undefined on input line 453.


LaTeX Warning: Reference `sec:choosing' on page 1 undefined on input line 457.


LaTeX Warning: Reference `alg:alns' on page 1 undefined on input line 460.

[11]
<../img/weight_probability.png, id=129, 713.66624pt x 414.54875pt>
File: ../img/weight_probability.png Graphic file (type png)
<use ../img/weight_probability.png>
Package pdftex.def Info: ../img/weight_probability.png  used on input line 479.

(pdftex.def)             Requested size: 298.75262pt x 173.53366pt.

LaTeX Warning: Reference `fig:weights' on page 1 undefined on input line 484.


LaTeX Warning: Reference `ch:solMeth' on page 1 undefined on input line 492.


Package natbib Warning: Citation `crama03' on page 12 undefined on input line 4
94.

[12 <../img/weight_probability.png>]

LaTeX Warning: Reference `alg:alns' on page 1 undefined on input line 510.

pdfTeX warning (ext4): destination with the same identifier (name{ALG@line.1}) 
has been already used, duplicate ignored
<to be read again> 
                   \relax 
l.517         \Function
                       {wildEscape}{$s\in solution,s_{best}$, set of heurist...
pdfTeX warning (ext4): destination with the same identifier (name{ALG@line.2}) 
has been already used, duplicate ignored
<to be read again> 
                   \relax 
l.518         \Repeat
                     pdfTeX warning (ext4): destination with the same identifie
r (name{ALG@line.3}) has been already used, duplicate ignored
<to be read again> 
                   \relax 
l.519             \State
                         choose a random heuristic $h$ from $H$pdfTeX warning (
ext4): destination with the same identifier (name{ALG@line.4}) has been already
 used, duplicate ignored
<to be read again> 
                   \relax 
l.520             \State
                         apply $h$ to $s$pdfTeX warning (ext4): destination wit
h the same identifier (name{ALG@line.5}) has been already used, duplicate ignor
ed
<to be read again> 
                   \relax 
l.521             \If
                      {$f(s)<f(s_{best})$}pdfTeX warning (ext4): destination wi
th the same identifier (name{ALG@line.6}) has been already used, duplicate igno
red
<to be read again> 
                   \relax 
l.522                 \State
                             $s_{best} = s$pdfTeX warning (ext4): destination w
ith the same identifier (name{ALG@line.7}) has been already used, duplicate ign
ored
<to be read again> 
                   \relax 
l.524         \Until
                     stop condition metpdfTeX warning (ext4): destination with 
the same identifier (name{ALG@line.8}) has been already used, duplicate ignored

<to be read again> 
                   \relax 
l.525         \State
                     \Return $s$

LaTeX Warning: Reference `alg:wild' on page 1 undefined on input line 530.


LaTeX Warning: Reference `sec:rand' on page 1 undefined on input line 532.


LaTeX Warning: Reference `sec:exch' on page 1 undefined on input line 532.


LaTeX Warning: Reference `sec:swap' on page 1 undefined on input line 532.

No file chapter4.bbl.

Package natbib Warning: There were undefined citations.

Package atveryend Info: Empty hook `BeforeClearDocument' on input line 534.
[13]
Package atveryend Info: Empty hook `AfterLastShipout' on input line 534.
(./chapter4.aux)
Package atveryend Info: Executing hook `AtVeryEndDocument' on input line 534.
Package atveryend Info: Executing hook `AtEndAfterFileList' on input line 534.

Package rerunfilecheck Warning: File `chapter4.out' has changed.
(rerunfilecheck)                Rerun to get outlines right
(rerunfilecheck)                or use package `bookmark'.

Package rerunfilecheck Info: Checksums for `chapter4.out':
(rerunfilecheck)             Before: <no file>
(rerunfilecheck)             After:  B628FD664D60BBFD3AD26D4325795115;995.

LaTeX Warning: There were undefined references.


LaTeX Warning: Label(s) may have changed. Rerun to get cross-references right.

 ) 
Here is how much of TeX's memory you used:
 11617 strings out of 492982
 187906 string characters out of 6134896
 318538 words of memory out of 5000000
 14949 multiletter control sequences out of 15000+600000
 11192 words of font info for 40 fonts, out of 8000000 for 9000
 1141 hyphenation exceptions out of 8191
 45i,12n,77p,495b,603s stack positions out of 5000i,500n,10000p,200000b,80000s
</usr/share/texlive/texmf-dist/fonts/type1/public/amsfonts/cm/cmbx10.pfb></us
r/share/texlive/texmf-dist/fonts/type1/public/amsfonts/cm/cmbx12.pfb></usr/shar
e/texlive/texmf-dist/fonts/type1/public/amsfonts/cm/cmcsc10.pfb></usr/share/tex
live/texmf-dist/fonts/type1/public/amsfonts/cm/cmex10.pfb></usr/share/texlive/t
exmf-dist/fonts/type1/public/amsfonts/cm/cmmi10.pfb></usr/share/texlive/texmf-d
ist/fonts/type1/public/amsfonts/cm/cmmi12.pfb></usr/share/texlive/texmf-dist/fo
nts/type1/public/amsfonts/cm/cmmi6.pfb></usr/share/texlive/texmf-dist/fonts/typ
e1/public/amsfonts/cm/cmmi7.pfb></usr/share/texlive/texmf-dist/fonts/type1/publ
ic/amsfonts/cm/cmmi8.pfb></usr/share/texlive/texmf-dist/fonts/type1/public/amsf
onts/cm/cmr10.pfb></usr/share/texlive/texmf-dist/fonts/type1/public/amsfonts/cm
/cmr12.pfb></usr/share/texlive/texmf-dist/fonts/type1/public/amsfonts/cm/cmr6.p
fb></usr/share/texlive/texmf-dist/fonts/type1/public/amsfonts/cm/cmr8.pfb></usr
/share/texlive/texmf-dist/fonts/type1/public/amsfonts/cm/cmsy10.pfb></usr/share
/texlive/texmf-dist/fonts/type1/public/amsfonts/cm/cmsy6.pfb></usr/share/texliv
e/texmf-dist/fonts/type1/public/amsfonts/cm/cmsy8.pfb></usr/share/texlive/texmf
-dist/fonts/type1/public/amsfonts/cm/cmti12.pfb>
Output written on chapter4.pdf (13 pages, 418587 bytes).
PDF statistics:
 218 PDF objects out of 1000 (max. 8388607)
 177 compressed objects within 2 object streams
 76 named destinations out of 1000 (max. 500000)
 36 words of extra memory for PDF output out of 10000 (max. 10000000)

